The system is: Linux - 3.18.20-perf-g405bda24277 - aarch64
Compiling the C compiler identification source file "CMakeCCompilerId.c" succeeded.
Compiler: /usr/bin/cc 
Build flags: 
Id flags: 

The output was:
0


Compilation of the C compiler identification source "CMakeCCompilerId.c" produced "a.out"

The C compiler identification is GNU, found in "/data/repo/android-tools-for-linux/cpu/output/CMakeFiles/3.5.1/CompilerIdC/a.out"

Compiling the CXX compiler identification source file "CMakeCXXCompilerId.cpp" succeeded.
Compiler: /usr/bin/c++ 
Build flags: 
Id flags: 

The output was:
0


Compilation of the CXX compiler identification source "CMakeCXXCompilerId.cpp" produced "a.out"

The CXX compiler identification is GNU, found in "/data/repo/android-tools-for-linux/cpu/output/CMakeFiles/3.5.1/CompilerIdCXX/a.out"

Determining if the C compiler works passed with the following output:
Change Dir: /data/repo/android-tools-for-linux/cpu/output/CMakeFiles/CMakeTmp

Run Build Command:"/usr/bin/make" "cmTC_f0c5d/fast"
/usr/bin/make -f CMakeFiles/cmTC_f0c5d.dir/build.make CMakeFiles/cmTC_f0c5d.dir/build
make[1]: Entering directory '/data/repo/android-tools-for-linux/cpu/output/CMakeFiles/CMakeTmp'
Building C object CMakeFiles/cmTC_f0c5d.dir/testCCompiler.c.o
/usr/bin/cc     -o CMakeFiles/cmTC_f0c5d.dir/testCCompiler.c.o   -c /data/repo/android-tools-for-linux/cpu/output/CMakeFiles/CMakeTmp/testCCompiler.c
Linking C executable cmTC_f0c5d
/data/ubuntu/usr/bin/cmake -E cmake_link_script CMakeFiles/cmTC_f0c5d.dir/link.txt --verbose=1
/usr/bin/cc       CMakeFiles/cmTC_f0c5d.dir/testCCompiler.c.o  -o cmTC_f0c5d -rdynamic 
make[1]: Leaving directory '/data/repo/android-tools-for-linux/cpu/output/CMakeFiles/CMakeTmp'


Detecting C compiler ABI info compiled with the following output:
Change Dir: /data/repo/android-tools-for-linux/cpu/output/CMakeFiles/CMakeTmp

Run Build Command:"/usr/bin/make" "cmTC_27a34/fast"
/usr/bin/make -f CMakeFiles/cmTC_27a34.dir/build.make CMakeFiles/cmTC_27a34.dir/build
make[1]: Entering directory '/data/repo/android-tools-for-linux/cpu/output/CMakeFiles/CMakeTmp'
Building C object CMakeFiles/cmTC_27a34.dir/CMakeCCompilerABI.c.o
/usr/bin/cc     -o CMakeFiles/cmTC_27a34.dir/CMakeCCompilerABI.c.o   -c /data/ubuntu/usr/share/cmake-3.5/Modules/CMakeCCompilerABI.c
Linking C executable cmTC_27a34
/data/ubuntu/usr/bin/cmake -E cmake_link_script CMakeFiles/cmTC_27a34.dir/link.txt --verbose=1
/usr/bin/cc      -v CMakeFiles/cmTC_27a34.dir/CMakeCCompilerABI.c.o  -o cmTC_27a34 -rdynamic  
Using built-in specs.
COLLECT_GCC=/usr/bin/cc
COLLECT_LTO_WRAPPER=/data/ubuntu/usr/bin/../lib/gcc/arm-linux-gnueabihf/5/lto-wrapper
Target: arm-linux-gnueabihf
Configured with: ../src/configure -v --with-pkgversion='Ubuntu/Linaro 5.4.0-6ubuntu1~16.04.5' --with-bugurl=file:///usr/share/doc/gcc-5/README.Bugs --enable-languages=c,ada,c++,java,go,d,fortran,objc,obj-c++ --prefix=/usr --program-suffix=-5 --enable-shared --enable-linker-build-id --libexecdir=/usr/lib --without-included-gettext --enable-threads=posix --libdir=/usr/lib --enable-nls --with-sysroot=/ --enable-clocale=gnu --enable-libstdcxx-debug --enable-libstdcxx-time=yes --with-default-libstdcxx-abi=new --enable-gnu-unique-object --disable-libitm --disable-libquadmath --enable-plugin --with-system-zlib --disable-browser-plugin --enable-java-awt=gtk --enable-gtk-cairo --with-java-home=/usr/lib/jvm/java-1.5.0-gcj-5-armhf/jre --enable-java-home --with-jvm-root-dir=/usr/lib/jvm/java-1.5.0-gcj-5-armhf --with-jvm-jar-dir=/usr/lib/jvm-exports/java-1.5.0-gcj-5-armhf --with-arch-directory=arm --with-ecj-jar=/usr/share/java/eclipse-ecj.jar --enable-objc-gc --enable-multiarch --enable-multilib --disable-sjlj-exceptions --with-arch=armv7-a --with-fpu=vfpv3-d16 --with-float=hard --with-mode=thumb --disable-werror --enable-multilib --enable-checking=release --build=arm-linux-gnueabihf --host=arm-linux-gnueabihf --target=arm-linux-gnueabihf
Thread model: posix
gcc version 5.4.0 20160609 (Ubuntu/Linaro 5.4.0-6ubuntu1~16.04.5) 
COMPILER_PATH=/data/ubuntu/usr/bin/../lib/gcc/arm-linux-gnueabihf/5/:/data/ubuntu/usr/bin/../lib/gcc/arm-linux-gnueabihf/:/data/ubuntu/usr/bin/../lib/gcc/
LIBRARY_PATH=/data/ubuntu/usr/bin/../lib/gcc/arm-linux-gnueabihf/5/:/data/ubuntu/usr/bin/../lib/gcc/arm-linux-gnueabihf/:/data/ubuntu/usr/bin/../lib/gcc/:/data/ubuntu/usr/bin/../lib/gcc/arm-linux-gnueabihf/5/../../../arm-linux-gnueabihf/:/data/ubuntu/usr/bin/../lib/gcc/arm-linux-gnueabihf/5/../../../../lib/:/lib/arm-linux-gnueabihf/:/lib/../lib/:/usr/lib/arm-linux-gnueabihf/:/usr/lib/../lib/:/data/ubuntu/usr/bin/../lib/gcc/arm-linux-gnueabihf/5/../../../:/lib/:/usr/lib/
COLLECT_GCC_OPTIONS='-v' '-o' 'cmTC_27a34' '-rdynamic' '-march=armv7-a' '-mfloat-abi=hard' '-mfpu=vfpv3-d16' '-mthumb' '-mtls-dialect=gnu'
 /data/ubuntu/usr/bin/../lib/gcc/arm-linux-gnueabihf/5/collect2 -plugin /data/ubuntu/usr/bin/../lib/gcc/arm-linux-gnueabihf/5/liblto_plugin.so -plugin-opt=/data/ubuntu/usr/bin/../lib/gcc/arm-linux-gnueabihf/5/lto-wrapper -plugin-opt=-fresolution=/data/local/tmp/cceRSvGg.res -plugin-opt=-pass-through=-lgcc -plugin-opt=-pass-through=-lgcc_s -plugin-opt=-pass-through=-lc -plugin-opt=-pass-through=-lgcc -plugin-opt=-pass-through=-lgcc_s --sysroot=/ --build-id --eh-frame-hdr -export-dynamic -dynamic-linker /lib/ld-linux-armhf.so.3 -X --hash-style=gnu --as-needed -m armelf_linux_eabi -z relro -o cmTC_27a34 /data/ubuntu/usr/bin/../lib/gcc/arm-linux-gnueabihf/5/../../../arm-linux-gnueabihf/crt1.o /data/ubuntu/usr/bin/../lib/gcc/arm-linux-gnueabihf/5/../../../arm-linux-gnueabihf/crti.o /data/ubuntu/usr/bin/../lib/gcc/arm-linux-gnueabihf/5/crtbegin.o -L/data/ubuntu/usr/bin/../lib/gcc/arm-linux-gnueabihf/5 -L/data/ubuntu/usr/bin/../lib/gcc/arm-linux-gnueabihf -L/data/ubuntu/usr/bin/../lib/gcc -L/data/ubuntu/usr/bin/../lib/gcc/arm-linux-gnueabihf/5/../../../arm-linux-gnueabihf -L/data/ubuntu/usr/bin/../lib/gcc/arm-linux-gnueabihf/5/../../../../lib -L/lib/arm-linux-gnueabihf -L/lib/../lib -L/usr/lib/arm-linux-gnueabihf -L/usr/lib/../lib -L/data/ubuntu/usr/bin/../lib/gcc/arm-linux-gnueabihf/5/../../.. CMakeFiles/cmTC_27a34.dir/CMakeCCompilerABI.c.o -lgcc --as-needed -lgcc_s --no-as-needed -lc -lgcc --as-needed -lgcc_s --no-as-needed /data/ubuntu/usr/bin/../lib/gcc/arm-linux-gnueabihf/5/crtend.o /data/ubuntu/usr/bin/../lib/gcc/arm-linux-gnueabihf/5/../../../arm-linux-gnueabihf/crtn.o
make[1]: Leaving directory '/data/repo/android-tools-for-linux/cpu/output/CMakeFiles/CMakeTmp'


Parsed C implicit link information from above output:
  link line regex: [^( *|.*[/\])(ld|([^/\]+-)?ld|collect2)[^/\]*( |$)]
  ignore line: [Change Dir: /data/repo/android-tools-for-linux/cpu/output/CMakeFiles/CMakeTmp]
  ignore line: []
  ignore line: [Run Build Command:"/usr/bin/make" "cmTC_27a34/fast"]
  ignore line: [/usr/bin/make -f CMakeFiles/cmTC_27a34.dir/build.make CMakeFiles/cmTC_27a34.dir/build]
  ignore line: [make[1]: Entering directory '/data/repo/android-tools-for-linux/cpu/output/CMakeFiles/CMakeTmp']
  ignore line: [Building C object CMakeFiles/cmTC_27a34.dir/CMakeCCompilerABI.c.o]
  ignore line: [/usr/bin/cc     -o CMakeFiles/cmTC_27a34.dir/CMakeCCompilerABI.c.o   -c /data/ubuntu/usr/share/cmake-3.5/Modules/CMakeCCompilerABI.c]
  ignore line: [Linking C executable cmTC_27a34]
  ignore line: [/data/ubuntu/usr/bin/cmake -E cmake_link_script CMakeFiles/cmTC_27a34.dir/link.txt --verbose=1]
  ignore line: [/usr/bin/cc      -v CMakeFiles/cmTC_27a34.dir/CMakeCCompilerABI.c.o  -o cmTC_27a34 -rdynamic  ]
  ignore line: [Using built-in specs.]
  ignore line: [COLLECT_GCC=/usr/bin/cc]
  ignore line: [COLLECT_LTO_WRAPPER=/data/ubuntu/usr/bin/../lib/gcc/arm-linux-gnueabihf/5/lto-wrapper]
  ignore line: [Target: arm-linux-gnueabihf]
  ignore line: [Configured with: ../src/configure -v --with-pkgversion='Ubuntu/Linaro 5.4.0-6ubuntu1~16.04.5' --with-bugurl=file:///usr/share/doc/gcc-5/README.Bugs --enable-languages=c,ada,c++,java,go,d,fortran,objc,obj-c++ --prefix=/usr --program-suffix=-5 --enable-shared --enable-linker-build-id --libexecdir=/usr/lib --without-included-gettext --enable-threads=posix --libdir=/usr/lib --enable-nls --with-sysroot=/ --enable-clocale=gnu --enable-libstdcxx-debug --enable-libstdcxx-time=yes --with-default-libstdcxx-abi=new --enable-gnu-unique-object --disable-libitm --disable-libquadmath --enable-plugin --with-system-zlib --disable-browser-plugin --enable-java-awt=gtk --enable-gtk-cairo --with-java-home=/usr/lib/jvm/java-1.5.0-gcj-5-armhf/jre --enable-java-home --with-jvm-root-dir=/usr/lib/jvm/java-1.5.0-gcj-5-armhf --with-jvm-jar-dir=/usr/lib/jvm-exports/java-1.5.0-gcj-5-armhf --with-arch-directory=arm --with-ecj-jar=/usr/share/java/eclipse-ecj.jar --enable-objc-gc --enable-multiarch --enable-multilib --disable-sjlj-exceptions --with-arch=armv7-a --with-fpu=vfpv3-d16 --with-float=hard --with-mode=thumb --disable-werror --enable-multilib --enable-checking=release --build=arm-linux-gnueabihf --host=arm-linux-gnueabihf --target=arm-linux-gnueabihf]
  ignore line: [Thread model: posix]
  ignore line: [gcc version 5.4.0 20160609 (Ubuntu/Linaro 5.4.0-6ubuntu1~16.04.5) ]
  ignore line: [COMPILER_PATH=/data/ubuntu/usr/bin/../lib/gcc/arm-linux-gnueabihf/5/:/data/ubuntu/usr/bin/../lib/gcc/arm-linux-gnueabihf/:/data/ubuntu/usr/bin/../lib/gcc/]
  ignore line: [LIBRARY_PATH=/data/ubuntu/usr/bin/../lib/gcc/arm-linux-gnueabihf/5/:/data/ubuntu/usr/bin/../lib/gcc/arm-linux-gnueabihf/:/data/ubuntu/usr/bin/../lib/gcc/:/data/ubuntu/usr/bin/../lib/gcc/arm-linux-gnueabihf/5/../../../arm-linux-gnueabihf/:/data/ubuntu/usr/bin/../lib/gcc/arm-linux-gnueabihf/5/../../../../lib/:/lib/arm-linux-gnueabihf/:/lib/../lib/:/usr/lib/arm-linux-gnueabihf/:/usr/lib/../lib/:/data/ubuntu/usr/bin/../lib/gcc/arm-linux-gnueabihf/5/../../../:/lib/:/usr/lib/]
  ignore line: [COLLECT_GCC_OPTIONS='-v' '-o' 'cmTC_27a34' '-rdynamic' '-march=armv7-a' '-mfloat-abi=hard' '-mfpu=vfpv3-d16' '-mthumb' '-mtls-dialect=gnu']
  link line: [ /data/ubuntu/usr/bin/../lib/gcc/arm-linux-gnueabihf/5/collect2 -plugin /data/ubuntu/usr/bin/../lib/gcc/arm-linux-gnueabihf/5/liblto_plugin.so -plugin-opt=/data/ubuntu/usr/bin/../lib/gcc/arm-linux-gnueabihf/5/lto-wrapper -plugin-opt=-fresolution=/data/local/tmp/cceRSvGg.res -plugin-opt=-pass-through=-lgcc -plugin-opt=-pass-through=-lgcc_s -plugin-opt=-pass-through=-lc -plugin-opt=-pass-through=-lgcc -plugin-opt=-pass-through=-lgcc_s --sysroot=/ --build-id --eh-frame-hdr -export-dynamic -dynamic-linker /lib/ld-linux-armhf.so.3 -X --hash-style=gnu --as-needed -m armelf_linux_eabi -z relro -o cmTC_27a34 /data/ubuntu/usr/bin/../lib/gcc/arm-linux-gnueabihf/5/../../../arm-linux-gnueabihf/crt1.o /data/ubuntu/usr/bin/../lib/gcc/arm-linux-gnueabihf/5/../../../arm-linux-gnueabihf/crti.o /data/ubuntu/usr/bin/../lib/gcc/arm-linux-gnueabihf/5/crtbegin.o -L/data/ubuntu/usr/bin/../lib/gcc/arm-linux-gnueabihf/5 -L/data/ubuntu/usr/bin/../lib/gcc/arm-linux-gnueabihf -L/data/ubuntu/usr/bin/../lib/gcc -L/data/ubuntu/usr/bin/../lib/gcc/arm-linux-gnueabihf/5/../../../arm-linux-gnueabihf -L/data/ubuntu/usr/bin/../lib/gcc/arm-linux-gnueabihf/5/../../../../lib -L/lib/arm-linux-gnueabihf -L/lib/../lib -L/usr/lib/arm-linux-gnueabihf -L/usr/lib/../lib -L/data/ubuntu/usr/bin/../lib/gcc/arm-linux-gnueabihf/5/../../.. CMakeFiles/cmTC_27a34.dir/CMakeCCompilerABI.c.o -lgcc --as-needed -lgcc_s --no-as-needed -lc -lgcc --as-needed -lgcc_s --no-as-needed /data/ubuntu/usr/bin/../lib/gcc/arm-linux-gnueabihf/5/crtend.o /data/ubuntu/usr/bin/../lib/gcc/arm-linux-gnueabihf/5/../../../arm-linux-gnueabihf/crtn.o]
    arg [/data/ubuntu/usr/bin/../lib/gcc/arm-linux-gnueabihf/5/collect2] ==> ignore
    arg [-plugin] ==> ignore
    arg [/data/ubuntu/usr/bin/../lib/gcc/arm-linux-gnueabihf/5/liblto_plugin.so] ==> ignore
    arg [-plugin-opt=/data/ubuntu/usr/bin/../lib/gcc/arm-linux-gnueabihf/5/lto-wrapper] ==> ignore
    arg [-plugin-opt=-fresolution=/data/local/tmp/cceRSvGg.res] ==> ignore
    arg [-plugin-opt=-pass-through=-lgcc] ==> ignore
    arg [-plugin-opt=-pass-through=-lgcc_s] ==> ignore
    arg [-plugin-opt=-pass-through=-lc] ==> ignore
    arg [-plugin-opt=-pass-through=-lgcc] ==> ignore
    arg [-plugin-opt=-pass-through=-lgcc_s] ==> ignore
    arg [--sysroot=/] ==> ignore
    arg [--build-id] ==> ignore
    arg [--eh-frame-hdr] ==> ignore
    arg [-export-dynamic] ==> ignore
    arg [-dynamic-linker] ==> ignore
    arg [/lib/ld-linux-armhf.so.3] ==> ignore
    arg [-X] ==> ignore
    arg [--hash-style=gnu] ==> ignore
    arg [--as-needed] ==> ignore
    arg [-m] ==> ignore
    arg [armelf_linux_eabi] ==> ignore
    arg [-zrelro] ==> ignore
    arg [-o] ==> ignore
    arg [cmTC_27a34] ==> ignore
    arg [/data/ubuntu/usr/bin/../lib/gcc/arm-linux-gnueabihf/5/../../../arm-linux-gnueabihf/crt1.o] ==> ignore
    arg [/data/ubuntu/usr/bin/../lib/gcc/arm-linux-gnueabihf/5/../../../arm-linux-gnueabihf/crti.o] ==> ignore
    arg [/data/ubuntu/usr/bin/../lib/gcc/arm-linux-gnueabihf/5/crtbegin.o] ==> ignore
    arg [-L/data/ubuntu/usr/bin/../lib/gcc/arm-linux-gnueabihf/5] ==> dir [/data/ubuntu/usr/bin/../lib/gcc/arm-linux-gnueabihf/5]
    arg [-L/data/ubuntu/usr/bin/../lib/gcc/arm-linux-gnueabihf] ==> dir [/data/ubuntu/usr/bin/../lib/gcc/arm-linux-gnueabihf]
    arg [-L/data/ubuntu/usr/bin/../lib/gcc] ==> dir [/data/ubuntu/usr/bin/../lib/gcc]
    arg [-L/data/ubuntu/usr/bin/../lib/gcc/arm-linux-gnueabihf/5/../../../arm-linux-gnueabihf] ==> dir [/data/ubuntu/usr/bin/../lib/gcc/arm-linux-gnueabihf/5/../../../arm-linux-gnueabihf]
    arg [-L/data/ubuntu/usr/bin/../lib/gcc/arm-linux-gnueabihf/5/../../../../lib] ==> dir [/data/ubuntu/usr/bin/../lib/gcc/arm-linux-gnueabihf/5/../../../../lib]
    arg [-L/lib/arm-linux-gnueabihf] ==> dir [/lib/arm-linux-gnueabihf]
    arg [-L/lib/../lib] ==> dir [/lib/../lib]
    arg [-L/usr/lib/arm-linux-gnueabihf] ==> dir [/usr/lib/arm-linux-gnueabihf]
    arg [-L/usr/lib/../lib] ==> dir [/usr/lib/../lib]
    arg [-L/data/ubuntu/usr/bin/../lib/gcc/arm-linux-gnueabihf/5/../../..] ==> dir [/data/ubuntu/usr/bin/../lib/gcc/arm-linux-gnueabihf/5/../../..]
    arg [CMakeFiles/cmTC_27a34.dir/CMakeCCompilerABI.c.o] ==> ignore
    arg [-lgcc] ==> lib [gcc]
    arg [--as-needed] ==> ignore
    arg [-lgcc_s] ==> lib [gcc_s]
    arg [--no-as-needed] ==> ignore
    arg [-lc] ==> lib [c]
    arg [-lgcc] ==> lib [gcc]
    arg [--as-needed] ==> ignore
    arg [-lgcc_s] ==> lib [gcc_s]
    arg [--no-as-needed] ==> ignore
    arg [/data/ubuntu/usr/bin/../lib/gcc/arm-linux-gnueabihf/5/crtend.o] ==> ignore
    arg [/data/ubuntu/usr/bin/../lib/gcc/arm-linux-gnueabihf/5/../../../arm-linux-gnueabihf/crtn.o] ==> ignore
  remove lib [gcc]
  remove lib [gcc_s]
  remove lib [gcc]
  remove lib [gcc_s]
  collapse library dir [/data/ubuntu/usr/bin/../lib/gcc/arm-linux-gnueabihf/5] ==> [/data/ubuntu/usr/lib/gcc/arm-linux-gnueabihf/5]
  collapse library dir [/data/ubuntu/usr/bin/../lib/gcc/arm-linux-gnueabihf] ==> [/data/ubuntu/usr/lib/gcc/arm-linux-gnueabihf]
  collapse library dir [/data/ubuntu/usr/bin/../lib/gcc] ==> [/data/ubuntu/usr/lib/gcc]
  collapse library dir [/data/ubuntu/usr/bin/../lib/gcc/arm-linux-gnueabihf/5/../../../arm-linux-gnueabihf] ==> [/data/ubuntu/usr/lib/arm-linux-gnueabihf]
  collapse library dir [/data/ubuntu/usr/bin/../lib/gcc/arm-linux-gnueabihf/5/../../../../lib] ==> [/data/ubuntu/usr/lib]
  collapse library dir [/lib/arm-linux-gnueabihf] ==> [/lib/arm-linux-gnueabihf]
  collapse library dir [/lib/../lib] ==> [/lib]
  collapse library dir [/usr/lib/arm-linux-gnueabihf] ==> [/usr/lib/arm-linux-gnueabihf]
  collapse library dir [/usr/lib/../lib] ==> [/usr/lib]
  collapse library dir [/data/ubuntu/usr/bin/../lib/gcc/arm-linux-gnueabihf/5/../../..] ==> [/data/ubuntu/usr/lib]
  implicit libs: [c]
  implicit dirs: [/data/ubuntu/usr/lib/gcc/arm-linux-gnueabihf/5;/data/ubuntu/usr/lib/gcc/arm-linux-gnueabihf;/data/ubuntu/usr/lib/gcc;/data/ubuntu/usr/lib/arm-linux-gnueabihf;/data/ubuntu/usr/lib;/lib/arm-linux-gnueabihf;/lib;/usr/lib/arm-linux-gnueabihf;/usr/lib]
  implicit fwks: []




Detecting C [-std=c11] compiler features compiled with the following output:
Change Dir: /data/repo/android-tools-for-linux/cpu/output/CMakeFiles/CMakeTmp

Run Build Command:"/usr/bin/make" "cmTC_7b47d/fast"
/usr/bin/make -f CMakeFiles/cmTC_7b47d.dir/build.make CMakeFiles/cmTC_7b47d.dir/build
make[1]: Entering directory '/data/repo/android-tools-for-linux/cpu/output/CMakeFiles/CMakeTmp'
Building C object CMakeFiles/cmTC_7b47d.dir/feature_tests.c.o
/usr/bin/cc    -std=c11 -o CMakeFiles/cmTC_7b47d.dir/feature_tests.c.o   -c /data/repo/android-tools-for-linux/cpu/output/CMakeFiles/feature_tests.c
Linking C executable cmTC_7b47d
/data/ubuntu/usr/bin/cmake -E cmake_link_script CMakeFiles/cmTC_7b47d.dir/link.txt --verbose=1
/usr/bin/cc       CMakeFiles/cmTC_7b47d.dir/feature_tests.c.o  -o cmTC_7b47d -rdynamic 
make[1]: Leaving directory '/data/repo/android-tools-for-linux/cpu/output/CMakeFiles/CMakeTmp'


    Feature record: C_FEATURE:1c_function_prototypes
    Feature record: C_FEATURE:1c_restrict
    Feature record: C_FEATURE:1c_static_assert
    Feature record: C_FEATURE:1c_variadic_macros


Detecting C [-std=c99] compiler features compiled with the following output:
Change Dir: /data/repo/android-tools-for-linux/cpu/output/CMakeFiles/CMakeTmp

Run Build Command:"/usr/bin/make" "cmTC_3d2b3/fast"
/usr/bin/make -f CMakeFiles/cmTC_3d2b3.dir/build.make CMakeFiles/cmTC_3d2b3.dir/build
make[1]: Entering directory '/data/repo/android-tools-for-linux/cpu/output/CMakeFiles/CMakeTmp'
Building C object CMakeFiles/cmTC_3d2b3.dir/feature_tests.c.o
/usr/bin/cc    -std=c99 -o CMakeFiles/cmTC_3d2b3.dir/feature_tests.c.o   -c /data/repo/android-tools-for-linux/cpu/output/CMakeFiles/feature_tests.c
Linking C executable cmTC_3d2b3
/data/ubuntu/usr/bin/cmake -E cmake_link_script CMakeFiles/cmTC_3d2b3.dir/link.txt --verbose=1
/usr/bin/cc       CMakeFiles/cmTC_3d2b3.dir/feature_tests.c.o  -o cmTC_3d2b3 -rdynamic 
make[1]: Leaving directory '/data/repo/android-tools-for-linux/cpu/output/CMakeFiles/CMakeTmp'


    Feature record: C_FEATURE:1c_function_prototypes
    Feature record: C_FEATURE:1c_restrict
    Feature record: C_FEATURE:0c_static_assert
    Feature record: C_FEATURE:1c_variadic_macros


Detecting C [-std=c90] compiler features compiled with the following output:
Change Dir: /data/repo/android-tools-for-linux/cpu/output/CMakeFiles/CMakeTmp

Run Build Command:"/usr/bin/make" "cmTC_a4596/fast"
/usr/bin/make -f CMakeFiles/cmTC_a4596.dir/build.make CMakeFiles/cmTC_a4596.dir/build
make[1]: Entering directory '/data/repo/android-tools-for-linux/cpu/output/CMakeFiles/CMakeTmp'
Building C object CMakeFiles/cmTC_a4596.dir/feature_tests.c.o
/usr/bin/cc    -std=c90 -o CMakeFiles/cmTC_a4596.dir/feature_tests.c.o   -c /data/repo/android-tools-for-linux/cpu/output/CMakeFiles/feature_tests.c
Linking C executable cmTC_a4596
/data/ubuntu/usr/bin/cmake -E cmake_link_script CMakeFiles/cmTC_a4596.dir/link.txt --verbose=1
/usr/bin/cc       CMakeFiles/cmTC_a4596.dir/feature_tests.c.o  -o cmTC_a4596 -rdynamic 
make[1]: Leaving directory '/data/repo/android-tools-for-linux/cpu/output/CMakeFiles/CMakeTmp'


    Feature record: C_FEATURE:1c_function_prototypes
    Feature record: C_FEATURE:0c_restrict
    Feature record: C_FEATURE:0c_static_assert
    Feature record: C_FEATURE:0c_variadic_macros
Determining if the CXX compiler works passed with the following output:
Change Dir: /data/repo/android-tools-for-linux/cpu/output/CMakeFiles/CMakeTmp

Run Build Command:"/usr/bin/make" "cmTC_c7833/fast"
/usr/bin/make -f CMakeFiles/cmTC_c7833.dir/build.make CMakeFiles/cmTC_c7833.dir/build
make[1]: Entering directory '/data/repo/android-tools-for-linux/cpu/output/CMakeFiles/CMakeTmp'
Building CXX object CMakeFiles/cmTC_c7833.dir/testCXXCompiler.cxx.o
/usr/bin/c++      -o CMakeFiles/cmTC_c7833.dir/testCXXCompiler.cxx.o -c /data/repo/android-tools-for-linux/cpu/output/CMakeFiles/CMakeTmp/testCXXCompiler.cxx
Linking CXX executable cmTC_c7833
/data/ubuntu/usr/bin/cmake -E cmake_link_script CMakeFiles/cmTC_c7833.dir/link.txt --verbose=1
/usr/bin/c++        CMakeFiles/cmTC_c7833.dir/testCXXCompiler.cxx.o  -o cmTC_c7833 -rdynamic 
make[1]: Leaving directory '/data/repo/android-tools-for-linux/cpu/output/CMakeFiles/CMakeTmp'


Detecting CXX compiler ABI info compiled with the following output:
Change Dir: /data/repo/android-tools-for-linux/cpu/output/CMakeFiles/CMakeTmp

Run Build Command:"/usr/bin/make" "cmTC_bbc82/fast"
/usr/bin/make -f CMakeFiles/cmTC_bbc82.dir/build.make CMakeFiles/cmTC_bbc82.dir/build
make[1]: Entering directory '/data/repo/android-tools-for-linux/cpu/output/CMakeFiles/CMakeTmp'
Building CXX object CMakeFiles/cmTC_bbc82.dir/CMakeCXXCompilerABI.cpp.o
/usr/bin/c++      -o CMakeFiles/cmTC_bbc82.dir/CMakeCXXCompilerABI.cpp.o -c /data/ubuntu/usr/share/cmake-3.5/Modules/CMakeCXXCompilerABI.cpp
Linking CXX executable cmTC_bbc82
/data/ubuntu/usr/bin/cmake -E cmake_link_script CMakeFiles/cmTC_bbc82.dir/link.txt --verbose=1
/usr/bin/c++       -v CMakeFiles/cmTC_bbc82.dir/CMakeCXXCompilerABI.cpp.o  -o cmTC_bbc82 -rdynamic  
Using built-in specs.
COLLECT_GCC=/usr/bin/c++
COLLECT_LTO_WRAPPER=/data/ubuntu/usr/bin/../lib/gcc/arm-linux-gnueabihf/5/lto-wrapper
Target: arm-linux-gnueabihf
Configured with: ../src/configure -v --with-pkgversion='Ubuntu/Linaro 5.4.0-6ubuntu1~16.04.5' --with-bugurl=file:///usr/share/doc/gcc-5/README.Bugs --enable-languages=c,ada,c++,java,go,d,fortran,objc,obj-c++ --prefix=/usr --program-suffix=-5 --enable-shared --enable-linker-build-id --libexecdir=/usr/lib --without-included-gettext --enable-threads=posix --libdir=/usr/lib --enable-nls --with-sysroot=/ --enable-clocale=gnu --enable-libstdcxx-debug --enable-libstdcxx-time=yes --with-default-libstdcxx-abi=new --enable-gnu-unique-object --disable-libitm --disable-libquadmath --enable-plugin --with-system-zlib --disable-browser-plugin --enable-java-awt=gtk --enable-gtk-cairo --with-java-home=/usr/lib/jvm/java-1.5.0-gcj-5-armhf/jre --enable-java-home --with-jvm-root-dir=/usr/lib/jvm/java-1.5.0-gcj-5-armhf --with-jvm-jar-dir=/usr/lib/jvm-exports/java-1.5.0-gcj-5-armhf --with-arch-directory=arm --with-ecj-jar=/usr/share/java/eclipse-ecj.jar --enable-objc-gc --enable-multiarch --enable-multilib --disable-sjlj-exceptions --with-arch=armv7-a --with-fpu=vfpv3-d16 --with-float=hard --with-mode=thumb --disable-werror --enable-multilib --enable-checking=release --build=arm-linux-gnueabihf --host=arm-linux-gnueabihf --target=arm-linux-gnueabihf
Thread model: posix
gcc version 5.4.0 20160609 (Ubuntu/Linaro 5.4.0-6ubuntu1~16.04.5) 
COMPILER_PATH=/data/ubuntu/usr/bin/../lib/gcc/arm-linux-gnueabihf/5/:/data/ubuntu/usr/bin/../lib/gcc/arm-linux-gnueabihf/:/data/ubuntu/usr/bin/../lib/gcc/
LIBRARY_PATH=/data/ubuntu/usr/bin/../lib/gcc/arm-linux-gnueabihf/5/:/data/ubuntu/usr/bin/../lib/gcc/arm-linux-gnueabihf/:/data/ubuntu/usr/bin/../lib/gcc/:/data/ubuntu/usr/bin/../lib/gcc/arm-linux-gnueabihf/5/../../../arm-linux-gnueabihf/:/data/ubuntu/usr/bin/../lib/gcc/arm-linux-gnueabihf/5/../../../../lib/:/lib/arm-linux-gnueabihf/:/lib/../lib/:/usr/lib/arm-linux-gnueabihf/:/usr/lib/../lib/:/data/ubuntu/usr/bin/../lib/gcc/arm-linux-gnueabihf/5/../../../:/lib/:/usr/lib/
COLLECT_GCC_OPTIONS='-v' '-o' 'cmTC_bbc82' '-rdynamic' '-shared-libgcc' '-march=armv7-a' '-mfloat-abi=hard' '-mfpu=vfpv3-d16' '-mthumb' '-mtls-dialect=gnu'
 /data/ubuntu/usr/bin/../lib/gcc/arm-linux-gnueabihf/5/collect2 -plugin /data/ubuntu/usr/bin/../lib/gcc/arm-linux-gnueabihf/5/liblto_plugin.so -plugin-opt=/data/ubuntu/usr/bin/../lib/gcc/arm-linux-gnueabihf/5/lto-wrapper -plugin-opt=-fresolution=/data/local/tmp/ccFNVHnf.res -plugin-opt=-pass-through=-lgcc_s -plugin-opt=-pass-through=-lgcc -plugin-opt=-pass-through=-lc -plugin-opt=-pass-through=-lgcc_s -plugin-opt=-pass-through=-lgcc --sysroot=/ --build-id --eh-frame-hdr -export-dynamic -dynamic-linker /lib/ld-linux-armhf.so.3 -X --hash-style=gnu --as-needed -m armelf_linux_eabi -z relro -o cmTC_bbc82 /data/ubuntu/usr/bin/../lib/gcc/arm-linux-gnueabihf/5/../../../arm-linux-gnueabihf/crt1.o /data/ubuntu/usr/bin/../lib/gcc/arm-linux-gnueabihf/5/../../../arm-linux-gnueabihf/crti.o /data/ubuntu/usr/bin/../lib/gcc/arm-linux-gnueabihf/5/crtbegin.o -L/data/ubuntu/usr/bin/../lib/gcc/arm-linux-gnueabihf/5 -L/data/ubuntu/usr/bin/../lib/gcc/arm-linux-gnueabihf -L/data/ubuntu/usr/bin/../lib/gcc -L/data/ubuntu/usr/bin/../lib/gcc/arm-linux-gnueabihf/5/../../../arm-linux-gnueabihf -L/data/ubuntu/usr/bin/../lib/gcc/arm-linux-gnueabihf/5/../../../../lib -L/lib/arm-linux-gnueabihf -L/lib/../lib -L/usr/lib/arm-linux-gnueabihf -L/usr/lib/../lib -L/data/ubuntu/usr/bin/../lib/gcc/arm-linux-gnueabihf/5/../../.. CMakeFiles/cmTC_bbc82.dir/CMakeCXXCompilerABI.cpp.o -lstdc++ -lm -lgcc_s -lgcc -lc -lgcc_s -lgcc /data/ubuntu/usr/bin/../lib/gcc/arm-linux-gnueabihf/5/crtend.o /data/ubuntu/usr/bin/../lib/gcc/arm-linux-gnueabihf/5/../../../arm-linux-gnueabihf/crtn.o
make[1]: Leaving directory '/data/repo/android-tools-for-linux/cpu/output/CMakeFiles/CMakeTmp'


Parsed CXX implicit link information from above output:
  link line regex: [^( *|.*[/\])(ld|([^/\]+-)?ld|collect2)[^/\]*( |$)]
  ignore line: [Change Dir: /data/repo/android-tools-for-linux/cpu/output/CMakeFiles/CMakeTmp]
  ignore line: []
  ignore line: [Run Build Command:"/usr/bin/make" "cmTC_bbc82/fast"]
  ignore line: [/usr/bin/make -f CMakeFiles/cmTC_bbc82.dir/build.make CMakeFiles/cmTC_bbc82.dir/build]
  ignore line: [make[1]: Entering directory '/data/repo/android-tools-for-linux/cpu/output/CMakeFiles/CMakeTmp']
  ignore line: [Building CXX object CMakeFiles/cmTC_bbc82.dir/CMakeCXXCompilerABI.cpp.o]
  ignore line: [/usr/bin/c++      -o CMakeFiles/cmTC_bbc82.dir/CMakeCXXCompilerABI.cpp.o -c /data/ubuntu/usr/share/cmake-3.5/Modules/CMakeCXXCompilerABI.cpp]
  ignore line: [Linking CXX executable cmTC_bbc82]
  ignore line: [/data/ubuntu/usr/bin/cmake -E cmake_link_script CMakeFiles/cmTC_bbc82.dir/link.txt --verbose=1]
  ignore line: [/usr/bin/c++       -v CMakeFiles/cmTC_bbc82.dir/CMakeCXXCompilerABI.cpp.o  -o cmTC_bbc82 -rdynamic  ]
  ignore line: [Using built-in specs.]
  ignore line: [COLLECT_GCC=/usr/bin/c++]
  ignore line: [COLLECT_LTO_WRAPPER=/data/ubuntu/usr/bin/../lib/gcc/arm-linux-gnueabihf/5/lto-wrapper]
  ignore line: [Target: arm-linux-gnueabihf]
  ignore line: [Configured with: ../src/configure -v --with-pkgversion='Ubuntu/Linaro 5.4.0-6ubuntu1~16.04.5' --with-bugurl=file:///usr/share/doc/gcc-5/README.Bugs --enable-languages=c,ada,c++,java,go,d,fortran,objc,obj-c++ --prefix=/usr --program-suffix=-5 --enable-shared --enable-linker-build-id --libexecdir=/usr/lib --without-included-gettext --enable-threads=posix --libdir=/usr/lib --enable-nls --with-sysroot=/ --enable-clocale=gnu --enable-libstdcxx-debug --enable-libstdcxx-time=yes --with-default-libstdcxx-abi=new --enable-gnu-unique-object --disable-libitm --disable-libquadmath --enable-plugin --with-system-zlib --disable-browser-plugin --enable-java-awt=gtk --enable-gtk-cairo --with-java-home=/usr/lib/jvm/java-1.5.0-gcj-5-armhf/jre --enable-java-home --with-jvm-root-dir=/usr/lib/jvm/java-1.5.0-gcj-5-armhf --with-jvm-jar-dir=/usr/lib/jvm-exports/java-1.5.0-gcj-5-armhf --with-arch-directory=arm --with-ecj-jar=/usr/share/java/eclipse-ecj.jar --enable-objc-gc --enable-multiarch --enable-multilib --disable-sjlj-exceptions --with-arch=armv7-a --with-fpu=vfpv3-d16 --with-float=hard --with-mode=thumb --disable-werror --enable-multilib --enable-checking=release --build=arm-linux-gnueabihf --host=arm-linux-gnueabihf --target=arm-linux-gnueabihf]
  ignore line: [Thread model: posix]
  ignore line: [gcc version 5.4.0 20160609 (Ubuntu/Linaro 5.4.0-6ubuntu1~16.04.5) ]
  ignore line: [COMPILER_PATH=/data/ubuntu/usr/bin/../lib/gcc/arm-linux-gnueabihf/5/:/data/ubuntu/usr/bin/../lib/gcc/arm-linux-gnueabihf/:/data/ubuntu/usr/bin/../lib/gcc/]
  ignore line: [LIBRARY_PATH=/data/ubuntu/usr/bin/../lib/gcc/arm-linux-gnueabihf/5/:/data/ubuntu/usr/bin/../lib/gcc/arm-linux-gnueabihf/:/data/ubuntu/usr/bin/../lib/gcc/:/data/ubuntu/usr/bin/../lib/gcc/arm-linux-gnueabihf/5/../../../arm-linux-gnueabihf/:/data/ubuntu/usr/bin/../lib/gcc/arm-linux-gnueabihf/5/../../../../lib/:/lib/arm-linux-gnueabihf/:/lib/../lib/:/usr/lib/arm-linux-gnueabihf/:/usr/lib/../lib/:/data/ubuntu/usr/bin/../lib/gcc/arm-linux-gnueabihf/5/../../../:/lib/:/usr/lib/]
  ignore line: [COLLECT_GCC_OPTIONS='-v' '-o' 'cmTC_bbc82' '-rdynamic' '-shared-libgcc' '-march=armv7-a' '-mfloat-abi=hard' '-mfpu=vfpv3-d16' '-mthumb' '-mtls-dialect=gnu']
  link line: [ /data/ubuntu/usr/bin/../lib/gcc/arm-linux-gnueabihf/5/collect2 -plugin /data/ubuntu/usr/bin/../lib/gcc/arm-linux-gnueabihf/5/liblto_plugin.so -plugin-opt=/data/ubuntu/usr/bin/../lib/gcc/arm-linux-gnueabihf/5/lto-wrapper -plugin-opt=-fresolution=/data/local/tmp/ccFNVHnf.res -plugin-opt=-pass-through=-lgcc_s -plugin-opt=-pass-through=-lgcc -plugin-opt=-pass-through=-lc -plugin-opt=-pass-through=-lgcc_s -plugin-opt=-pass-through=-lgcc --sysroot=/ --build-id --eh-frame-hdr -export-dynamic -dynamic-linker /lib/ld-linux-armhf.so.3 -X --hash-style=gnu --as-needed -m armelf_linux_eabi -z relro -o cmTC_bbc82 /data/ubuntu/usr/bin/../lib/gcc/arm-linux-gnueabihf/5/../../../arm-linux-gnueabihf/crt1.o /data/ubuntu/usr/bin/../lib/gcc/arm-linux-gnueabihf/5/../../../arm-linux-gnueabihf/crti.o /data/ubuntu/usr/bin/../lib/gcc/arm-linux-gnueabihf/5/crtbegin.o -L/data/ubuntu/usr/bin/../lib/gcc/arm-linux-gnueabihf/5 -L/data/ubuntu/usr/bin/../lib/gcc/arm-linux-gnueabihf -L/data/ubuntu/usr/bin/../lib/gcc -L/data/ubuntu/usr/bin/../lib/gcc/arm-linux-gnueabihf/5/../../../arm-linux-gnueabihf -L/data/ubuntu/usr/bin/../lib/gcc/arm-linux-gnueabihf/5/../../../../lib -L/lib/arm-linux-gnueabihf -L/lib/../lib -L/usr/lib/arm-linux-gnueabihf -L/usr/lib/../lib -L/data/ubuntu/usr/bin/../lib/gcc/arm-linux-gnueabihf/5/../../.. CMakeFiles/cmTC_bbc82.dir/CMakeCXXCompilerABI.cpp.o -lstdc++ -lm -lgcc_s -lgcc -lc -lgcc_s -lgcc /data/ubuntu/usr/bin/../lib/gcc/arm-linux-gnueabihf/5/crtend.o /data/ubuntu/usr/bin/../lib/gcc/arm-linux-gnueabihf/5/../../../arm-linux-gnueabihf/crtn.o]
    arg [/data/ubuntu/usr/bin/../lib/gcc/arm-linux-gnueabihf/5/collect2] ==> ignore
    arg [-plugin] ==> ignore
    arg [/data/ubuntu/usr/bin/../lib/gcc/arm-linux-gnueabihf/5/liblto_plugin.so] ==> ignore
    arg [-plugin-opt=/data/ubuntu/usr/bin/../lib/gcc/arm-linux-gnueabihf/5/lto-wrapper] ==> ignore
    arg [-plugin-opt=-fresolution=/data/local/tmp/ccFNVHnf.res] ==> ignore
    arg [-plugin-opt=-pass-through=-lgcc_s] ==> ignore
    arg [-plugin-opt=-pass-through=-lgcc] ==> ignore
    arg [-plugin-opt=-pass-through=-lc] ==> ignore
    arg [-plugin-opt=-pass-through=-lgcc_s] ==> ignore
    arg [-plugin-opt=-pass-through=-lgcc] ==> ignore
    arg [--sysroot=/] ==> ignore
    arg [--build-id] ==> ignore
    arg [--eh-frame-hdr] ==> ignore
    arg [-export-dynamic] ==> ignore
    arg [-dynamic-linker] ==> ignore
    arg [/lib/ld-linux-armhf.so.3] ==> ignore
    arg [-X] ==> ignore
    arg [--hash-style=gnu] ==> ignore
    arg [--as-needed] ==> ignore
    arg [-m] ==> ignore
    arg [armelf_linux_eabi] ==> ignore
    arg [-zrelro] ==> ignore
    arg [-o] ==> ignore
    arg [cmTC_bbc82] ==> ignore
    arg [/data/ubuntu/usr/bin/../lib/gcc/arm-linux-gnueabihf/5/../../../arm-linux-gnueabihf/crt1.o] ==> ignore
    arg [/data/ubuntu/usr/bin/../lib/gcc/arm-linux-gnueabihf/5/../../../arm-linux-gnueabihf/crti.o] ==> ignore
    arg [/data/ubuntu/usr/bin/../lib/gcc/arm-linux-gnueabihf/5/crtbegin.o] ==> ignore
    arg [-L/data/ubuntu/usr/bin/../lib/gcc/arm-linux-gnueabihf/5] ==> dir [/data/ubuntu/usr/bin/../lib/gcc/arm-linux-gnueabihf/5]
    arg [-L/data/ubuntu/usr/bin/../lib/gcc/arm-linux-gnueabihf] ==> dir [/data/ubuntu/usr/bin/../lib/gcc/arm-linux-gnueabihf]
    arg [-L/data/ubuntu/usr/bin/../lib/gcc] ==> dir [/data/ubuntu/usr/bin/../lib/gcc]
    arg [-L/data/ubuntu/usr/bin/../lib/gcc/arm-linux-gnueabihf/5/../../../arm-linux-gnueabihf] ==> dir [/data/ubuntu/usr/bin/../lib/gcc/arm-linux-gnueabihf/5/../../../arm-linux-gnueabihf]
    arg [-L/data/ubuntu/usr/bin/../lib/gcc/arm-linux-gnueabihf/5/../../../../lib] ==> dir [/data/ubuntu/usr/bin/../lib/gcc/arm-linux-gnueabihf/5/../../../../lib]
    arg [-L/lib/arm-linux-gnueabihf] ==> dir [/lib/arm-linux-gnueabihf]
    arg [-L/lib/../lib] ==> dir [/lib/../lib]
    arg [-L/usr/lib/arm-linux-gnueabihf] ==> dir [/usr/lib/arm-linux-gnueabihf]
    arg [-L/usr/lib/../lib] ==> dir [/usr/lib/../lib]
    arg [-L/data/ubuntu/usr/bin/../lib/gcc/arm-linux-gnueabihf/5/../../..] ==> dir [/data/ubuntu/usr/bin/../lib/gcc/arm-linux-gnueabihf/5/../../..]
    arg [CMakeFiles/cmTC_bbc82.dir/CMakeCXXCompilerABI.cpp.o] ==> ignore
    arg [-lstdc++] ==> lib [stdc++]
    arg [-lm] ==> lib [m]
    arg [-lgcc_s] ==> lib [gcc_s]
    arg [-lgcc] ==> lib [gcc]
    arg [-lc] ==> lib [c]
    arg [-lgcc_s] ==> lib [gcc_s]
    arg [-lgcc] ==> lib [gcc]
    arg [/data/ubuntu/usr/bin/../lib/gcc/arm-linux-gnueabihf/5/crtend.o] ==> ignore
    arg [/data/ubuntu/usr/bin/../lib/gcc/arm-linux-gnueabihf/5/../../../arm-linux-gnueabihf/crtn.o] ==> ignore
  remove lib [gcc_s]
  remove lib [gcc]
  remove lib [gcc_s]
  remove lib [gcc]
  collapse library dir [/data/ubuntu/usr/bin/../lib/gcc/arm-linux-gnueabihf/5] ==> [/data/ubuntu/usr/lib/gcc/arm-linux-gnueabihf/5]
  collapse library dir [/data/ubuntu/usr/bin/../lib/gcc/arm-linux-gnueabihf] ==> [/data/ubuntu/usr/lib/gcc/arm-linux-gnueabihf]
  collapse library dir [/data/ubuntu/usr/bin/../lib/gcc] ==> [/data/ubuntu/usr/lib/gcc]
  collapse library dir [/data/ubuntu/usr/bin/../lib/gcc/arm-linux-gnueabihf/5/../../../arm-linux-gnueabihf] ==> [/data/ubuntu/usr/lib/arm-linux-gnueabihf]
  collapse library dir [/data/ubuntu/usr/bin/../lib/gcc/arm-linux-gnueabihf/5/../../../../lib] ==> [/data/ubuntu/usr/lib]
  collapse library dir [/lib/arm-linux-gnueabihf] ==> [/lib/arm-linux-gnueabihf]
  collapse library dir [/lib/../lib] ==> [/lib]
  collapse library dir [/usr/lib/arm-linux-gnueabihf] ==> [/usr/lib/arm-linux-gnueabihf]
  collapse library dir [/usr/lib/../lib] ==> [/usr/lib]
  collapse library dir [/data/ubuntu/usr/bin/../lib/gcc/arm-linux-gnueabihf/5/../../..] ==> [/data/ubuntu/usr/lib]
  implicit libs: [stdc++;m;c]
  implicit dirs: [/data/ubuntu/usr/lib/gcc/arm-linux-gnueabihf/5;/data/ubuntu/usr/lib/gcc/arm-linux-gnueabihf;/data/ubuntu/usr/lib/gcc;/data/ubuntu/usr/lib/arm-linux-gnueabihf;/data/ubuntu/usr/lib;/lib/arm-linux-gnueabihf;/lib;/usr/lib/arm-linux-gnueabihf;/usr/lib]
  implicit fwks: []




Detecting CXX [-std=c++14] compiler features compiled with the following output:
Change Dir: /data/repo/android-tools-for-linux/cpu/output/CMakeFiles/CMakeTmp

Run Build Command:"/usr/bin/make" "cmTC_23dda/fast"
/usr/bin/make -f CMakeFiles/cmTC_23dda.dir/build.make CMakeFiles/cmTC_23dda.dir/build
make[1]: Entering directory '/data/repo/android-tools-for-linux/cpu/output/CMakeFiles/CMakeTmp'
Building CXX object CMakeFiles/cmTC_23dda.dir/feature_tests.cxx.o
/usr/bin/c++     -std=c++14 -o CMakeFiles/cmTC_23dda.dir/feature_tests.cxx.o -c /data/repo/android-tools-for-linux/cpu/output/CMakeFiles/feature_tests.cxx
Linking CXX executable cmTC_23dda
/data/ubuntu/usr/bin/cmake -E cmake_link_script CMakeFiles/cmTC_23dda.dir/link.txt --verbose=1
/usr/bin/c++        CMakeFiles/cmTC_23dda.dir/feature_tests.cxx.o  -o cmTC_23dda -rdynamic 
make[1]: Leaving directory '/data/repo/android-tools-for-linux/cpu/output/CMakeFiles/CMakeTmp'


    Feature record: CXX_FEATURE:1cxx_aggregate_default_initializers
    Feature record: CXX_FEATURE:1cxx_alias_templates
    Feature record: CXX_FEATURE:1cxx_alignas
    Feature record: CXX_FEATURE:1cxx_alignof
    Feature record: CXX_FEATURE:1cxx_attributes
    Feature record: CXX_FEATURE:1cxx_attribute_deprecated
    Feature record: CXX_FEATURE:1cxx_auto_type
    Feature record: CXX_FEATURE:1cxx_binary_literals
    Feature record: CXX_FEATURE:1cxx_constexpr
    Feature record: CXX_FEATURE:1cxx_contextual_conversions
    Feature record: CXX_FEATURE:1cxx_decltype
    Feature record: CXX_FEATURE:1cxx_decltype_auto
    Feature record: CXX_FEATURE:1cxx_decltype_incomplete_return_types
    Feature record: CXX_FEATURE:1cxx_default_function_template_args
    Feature record: CXX_FEATURE:1cxx_defaulted_functions
    Feature record: CXX_FEATURE:1cxx_defaulted_move_initializers
    Feature record: CXX_FEATURE:1cxx_delegating_constructors
    Feature record: CXX_FEATURE:1cxx_deleted_functions
    Feature record: CXX_FEATURE:1cxx_digit_separators
    Feature record: CXX_FEATURE:1cxx_enum_forward_declarations
    Feature record: CXX_FEATURE:1cxx_explicit_conversions
    Feature record: CXX_FEATURE:1cxx_extended_friend_declarations
    Feature record: CXX_FEATURE:1cxx_extern_templates
    Feature record: CXX_FEATURE:1cxx_final
    Feature record: CXX_FEATURE:1cxx_func_identifier
    Feature record: CXX_FEATURE:1cxx_generalized_initializers
    Feature record: CXX_FEATURE:1cxx_generic_lambdas
    Feature record: CXX_FEATURE:1cxx_inheriting_constructors
    Feature record: CXX_FEATURE:1cxx_inline_namespaces
    Feature record: CXX_FEATURE:1cxx_lambdas
    Feature record: CXX_FEATURE:1cxx_lambda_init_captures
    Feature record: CXX_FEATURE:1cxx_local_type_template_args
    Feature record: CXX_FEATURE:1cxx_long_long_type
    Feature record: CXX_FEATURE:1cxx_noexcept
    Feature record: CXX_FEATURE:1cxx_nonstatic_member_init
    Feature record: CXX_FEATURE:1cxx_nullptr
    Feature record: CXX_FEATURE:1cxx_override
    Feature record: CXX_FEATURE:1cxx_range_for
    Feature record: CXX_FEATURE:1cxx_raw_string_literals
    Feature record: CXX_FEATURE:1cxx_reference_qualified_functions
    Feature record: CXX_FEATURE:1cxx_relaxed_constexpr
    Feature record: CXX_FEATURE:1cxx_return_type_deduction
    Feature record: CXX_FEATURE:1cxx_right_angle_brackets
    Feature record: CXX_FEATURE:1cxx_rvalue_references
    Feature record: CXX_FEATURE:1cxx_sizeof_member
    Feature record: CXX_FEATURE:1cxx_static_assert
    Feature record: CXX_FEATURE:1cxx_strong_enums
    Feature record: CXX_FEATURE:1cxx_template_template_parameters
    Feature record: CXX_FEATURE:1cxx_thread_local
    Feature record: CXX_FEATURE:1cxx_trailing_return_types
    Feature record: CXX_FEATURE:1cxx_unicode_literals
    Feature record: CXX_FEATURE:1cxx_uniform_initialization
    Feature record: CXX_FEATURE:1cxx_unrestricted_unions
    Feature record: CXX_FEATURE:1cxx_user_literals
    Feature record: CXX_FEATURE:1cxx_variable_templates
    Feature record: CXX_FEATURE:1cxx_variadic_macros
    Feature record: CXX_FEATURE:1cxx_variadic_templates


Detecting CXX [-std=c++11] compiler features compiled with the following output:
Change Dir: /data/repo/android-tools-for-linux/cpu/output/CMakeFiles/CMakeTmp

Run Build Command:"/usr/bin/make" "cmTC_53682/fast"
/usr/bin/make -f CMakeFiles/cmTC_53682.dir/build.make CMakeFiles/cmTC_53682.dir/build
make[1]: Entering directory '/data/repo/android-tools-for-linux/cpu/output/CMakeFiles/CMakeTmp'
Building CXX object CMakeFiles/cmTC_53682.dir/feature_tests.cxx.o
/usr/bin/c++     -std=c++11 -o CMakeFiles/cmTC_53682.dir/feature_tests.cxx.o -c /data/repo/android-tools-for-linux/cpu/output/CMakeFiles/feature_tests.cxx
Linking CXX executable cmTC_53682
/data/ubuntu/usr/bin/cmake -E cmake_link_script CMakeFiles/cmTC_53682.dir/link.txt --verbose=1
/usr/bin/c++        CMakeFiles/cmTC_53682.dir/feature_tests.cxx.o  -o cmTC_53682 -rdynamic 
make[1]: Leaving directory '/data/repo/android-tools-for-linux/cpu/output/CMakeFiles/CMakeTmp'


    Feature record: CXX_FEATURE:0cxx_aggregate_default_initializers
    Feature record: CXX_FEATURE:1cxx_alias_templates
    Feature record: CXX_FEATURE:1cxx_alignas
    Feature record: CXX_FEATURE:1cxx_alignof
    Feature record: CXX_FEATURE:1cxx_attributes
    Feature record: CXX_FEATURE:0cxx_attribute_deprecated
    Feature record: CXX_FEATURE:1cxx_auto_type
    Feature record: CXX_FEATURE:0cxx_binary_literals
    Feature record: CXX_FEATURE:1cxx_constexpr
    Feature record: CXX_FEATURE:0cxx_contextual_conversions
    Feature record: CXX_FEATURE:1cxx_decltype
    Feature record: CXX_FEATURE:0cxx_decltype_auto
    Feature record: CXX_FEATURE:1cxx_decltype_incomplete_return_types
    Feature record: CXX_FEATURE:1cxx_default_function_template_args
    Feature record: CXX_FEATURE:1cxx_defaulted_functions
    Feature record: CXX_FEATURE:1cxx_defaulted_move_initializers
    Feature record: CXX_FEATURE:1cxx_delegating_constructors
    Feature record: CXX_FEATURE:1cxx_deleted_functions
    Feature record: CXX_FEATURE:0cxx_digit_separators
    Feature record: CXX_FEATURE:1cxx_enum_forward_declarations
    Feature record: CXX_FEATURE:1cxx_explicit_conversions
    Feature record: CXX_FEATURE:1cxx_extended_friend_declarations
    Feature record: CXX_FEATURE:1cxx_extern_templates
    Feature record: CXX_FEATURE:1cxx_final
    Feature record: CXX_FEATURE:1cxx_func_identifier
    Feature record: CXX_FEATURE:1cxx_generalized_initializers
    Feature record: CXX_FEATURE:0cxx_generic_lambdas
    Feature record: CXX_FEATURE:1cxx_inheriting_constructors
    Feature record: CXX_FEATURE:1cxx_inline_namespaces
    Feature record: CXX_FEATURE:1cxx_lambdas
    Feature record: CXX_FEATURE:0cxx_lambda_init_captures
    Feature record: CXX_FEATURE:1cxx_local_type_template_args
    Feature record: CXX_FEATURE:1cxx_long_long_type
    Feature record: CXX_FEATURE:1cxx_noexcept
    Feature record: CXX_FEATURE:1cxx_nonstatic_member_init
    Feature record: CXX_FEATURE:1cxx_nullptr
    Feature record: CXX_FEATURE:1cxx_override
    Feature record: CXX_FEATURE:1cxx_range_for
    Feature record: CXX_FEATURE:1cxx_raw_string_literals
    Feature record: CXX_FEATURE:1cxx_reference_qualified_functions
    Feature record: CXX_FEATURE:0cxx_relaxed_constexpr
    Feature record: CXX_FEATURE:0cxx_return_type_deduction
    Feature record: CXX_FEATURE:1cxx_right_angle_brackets
    Feature record: CXX_FEATURE:1cxx_rvalue_references
    Feature record: CXX_FEATURE:1cxx_sizeof_member
    Feature record: CXX_FEATURE:1cxx_static_assert
    Feature record: CXX_FEATURE:1cxx_strong_enums
    Feature record: CXX_FEATURE:1cxx_template_template_parameters
    Feature record: CXX_FEATURE:1cxx_thread_local
    Feature record: CXX_FEATURE:1cxx_trailing_return_types
    Feature record: CXX_FEATURE:1cxx_unicode_literals
    Feature record: CXX_FEATURE:1cxx_uniform_initialization
    Feature record: CXX_FEATURE:1cxx_unrestricted_unions
    Feature record: CXX_FEATURE:1cxx_user_literals
    Feature record: CXX_FEATURE:0cxx_variable_templates
    Feature record: CXX_FEATURE:1cxx_variadic_macros
    Feature record: CXX_FEATURE:1cxx_variadic_templates


Detecting CXX [-std=c++98] compiler features compiled with the following output:
Change Dir: /data/repo/android-tools-for-linux/cpu/output/CMakeFiles/CMakeTmp

Run Build Command:"/usr/bin/make" "cmTC_a8c9c/fast"
/usr/bin/make -f CMakeFiles/cmTC_a8c9c.dir/build.make CMakeFiles/cmTC_a8c9c.dir/build
make[1]: Entering directory '/data/repo/android-tools-for-linux/cpu/output/CMakeFiles/CMakeTmp'
Building CXX object CMakeFiles/cmTC_a8c9c.dir/feature_tests.cxx.o
/usr/bin/c++     -std=c++98 -o CMakeFiles/cmTC_a8c9c.dir/feature_tests.cxx.o -c /data/repo/android-tools-for-linux/cpu/output/CMakeFiles/feature_tests.cxx
Linking CXX executable cmTC_a8c9c
/data/ubuntu/usr/bin/cmake -E cmake_link_script CMakeFiles/cmTC_a8c9c.dir/link.txt --verbose=1
/usr/bin/c++        CMakeFiles/cmTC_a8c9c.dir/feature_tests.cxx.o  -o cmTC_a8c9c -rdynamic 
make[1]: Leaving directory '/data/repo/android-tools-for-linux/cpu/output/CMakeFiles/CMakeTmp'


    Feature record: CXX_FEATURE:0cxx_aggregate_default_initializers
    Feature record: CXX_FEATURE:0cxx_alias_templates
    Feature record: CXX_FEATURE:0cxx_alignas
    Feature record: CXX_FEATURE:0cxx_alignof
    Feature record: CXX_FEATURE:0cxx_attributes
    Feature record: CXX_FEATURE:0cxx_attribute_deprecated
    Feature record: CXX_FEATURE:0cxx_auto_type
    Feature record: CXX_FEATURE:0cxx_binary_literals
    Feature record: CXX_FEATURE:0cxx_constexpr
    Feature record: CXX_FEATURE:0cxx_contextual_conversions
    Feature record: CXX_FEATURE:0cxx_decltype
    Feature record: CXX_FEATURE:0cxx_decltype_auto
    Feature record: CXX_FEATURE:0cxx_decltype_incomplete_return_types
    Feature record: CXX_FEATURE:0cxx_default_function_template_args
    Feature record: CXX_FEATURE:0cxx_defaulted_functions
    Feature record: CXX_FEATURE:0cxx_defaulted_move_initializers
    Feature record: CXX_FEATURE:0cxx_delegating_constructors
    Feature record: CXX_FEATURE:0cxx_deleted_functions
    Feature record: CXX_FEATURE:0cxx_digit_separators
    Feature record: CXX_FEATURE:0cxx_enum_forward_declarations
    Feature record: CXX_FEATURE:0cxx_explicit_conversions
    Feature record: CXX_FEATURE:0cxx_extended_friend_declarations
    Feature record: CXX_FEATURE:0cxx_extern_templates
    Feature record: CXX_FEATURE:0cxx_final
    Feature record: CXX_FEATURE:0cxx_func_identifier
    Feature record: CXX_FEATURE:0cxx_generalized_initializers
    Feature record: CXX_FEATURE:0cxx_generic_lambdas
    Feature record: CXX_FEATURE:0cxx_inheriting_constructors
    Feature record: CXX_FEATURE:0cxx_inline_namespaces
    Feature record: CXX_FEATURE:0cxx_lambdas
    Feature record: CXX_FEATURE:0cxx_lambda_init_captures
    Feature record: CXX_FEATURE:0cxx_local_type_template_args
    Feature record: CXX_FEATURE:0cxx_long_long_type
    Feature record: CXX_FEATURE:0cxx_noexcept
    Feature record: CXX_FEATURE:0cxx_nonstatic_member_init
    Feature record: CXX_FEATURE:0cxx_nullptr
    Feature record: CXX_FEATURE:0cxx_override
    Feature record: CXX_FEATURE:0cxx_range_for
    Feature record: CXX_FEATURE:0cxx_raw_string_literals
    Feature record: CXX_FEATURE:0cxx_reference_qualified_functions
    Feature record: CXX_FEATURE:0cxx_relaxed_constexpr
    Feature record: CXX_FEATURE:0cxx_return_type_deduction
    Feature record: CXX_FEATURE:0cxx_right_angle_brackets
    Feature record: CXX_FEATURE:0cxx_rvalue_references
    Feature record: CXX_FEATURE:0cxx_sizeof_member
    Feature record: CXX_FEATURE:0cxx_static_assert
    Feature record: CXX_FEATURE:0cxx_strong_enums
    Feature record: CXX_FEATURE:1cxx_template_template_parameters
    Feature record: CXX_FEATURE:0cxx_thread_local
    Feature record: CXX_FEATURE:0cxx_trailing_return_types
    Feature record: CXX_FEATURE:0cxx_unicode_literals
    Feature record: CXX_FEATURE:0cxx_uniform_initialization
    Feature record: CXX_FEATURE:0cxx_unrestricted_unions
    Feature record: CXX_FEATURE:0cxx_user_literals
    Feature record: CXX_FEATURE:0cxx_variable_templates
    Feature record: CXX_FEATURE:0cxx_variadic_macros
    Feature record: CXX_FEATURE:0cxx_variadic_templates
